<?xml version="1.0" encoding="UTF-8"?>
<testng-results ignored="0" total="1" passed="1" failed="0" skipped="0">
  <reporter-output>
  </reporter-output>
  <suite started-at="2024-11-04T12:26:55 SGT" name="Suite" finished-at="2024-11-04T12:26:58 SGT" duration-ms="2616">
    <groups>
    </groups>
    <test started-at="2024-11-04T12:26:55 SGT" name="Test" finished-at="2024-11-04T12:26:58 SGT" duration-ms="2616">
      <class name="Test.Login">
        <test-method signature="openapp()[pri:0, instance:Test.Login@7ef82753]" started-at="2024-11-04T12:26:55 SGT" name="openapp" finished-at="2024-11-04T12:26:58 SGT" duration-ms="2591" status="PASS">
          <reporter-output>
          </reporter-output>
        </test-method> <!-- openapp -->
      </class> <!-- Test.Login -->
    </test> <!-- Test -->
  </suite> <!-- Suite -->
</testng-results>
